* Starting client
* Connecting to master process on port 21933
* Analyzing classpath: 
  - /home/pbr/work_ats/analysis/projects/83/target/classes
  - /home/pbr/.m2/repository/junit/junit/4.12/junit-4.12.jar
  - /home/pbr/.m2/repository/org/hamcrest/hamcrest-core/1.3/hamcrest-core-1.3.jar
* Finished analyzing classpath
* Generating tests for class Voluntario
* Test criteria:
  - Line Coverage
  - Branch Coverage
  - Exception
  - Mutation testing (weak)
  - Method-Output Coverage
  - Top-Level Method Coverage
  - No-Exception Top-Level Method Coverage
  - Context Branch Coverage
* Setting up search algorithm for whole suite generation
[MASTER] 21:10:20.451 [pool-2-thread-1] WARN  TestSuiteSerialization - Cannot load tests because file does not exist: /home/pbr/work_ats/analysis/projects/83/.evosuite/evosuite-seeds/Voluntario.seed
* Loaded 0 tests from /home/pbr/work_ats/analysis/projects/83/.evosuite/evosuite-seeds/Voluntario.seed
* Total number of test goals: 
  - Line 199
  - Branch 117
  - Exception 0
  - MutationFactory 253
  - Output 114
  - Method 46
  - MethodNoException 46
  - CBranchFitnessFactory 117
* Using seed 1611609010257
* Starting evolution
* Search finished after 116s and 68 generations, 38347 statements, best individual has fitness: 56.93904425498468
* Writing sequences to pool
* Minimizing test suite
[MASTER] 21:12:43.062 [pool-2-thread-1] WARN  TestSuiteMinimizer - Minimization timeout. Roll back to original test suite
* Going to analyze the coverage criteria
* Coverage analysis for criterion LINE
* Coverage of criterion LINE: 99%
* Total number of goals: 199
* Number of covered goals: 198
* Coverage analysis for criterion BRANCH
* Coverage of criterion BRANCH: 97%
* Total number of goals: 117
* Number of covered goals: 113
* Coverage analysis for criterion EXCEPTION
* Coverage of criterion EXCEPTION: 100%
* Total number of goals: 12
* Number of covered goals: 12
* Coverage analysis for criterion WEAKMUTATION
* Coverage of criterion WEAKMUTATION: 92%
* Total number of goals: 253
* Number of covered goals: 232
* Coverage analysis for criterion OUTPUT
* Coverage of criterion OUTPUT: 77%
* Total number of goals: 114
* Number of covered goals: 88
* Coverage analysis for criterion METHOD
* Coverage of criterion METHOD: 100%
* Total number of goals: 46
* Number of covered goals: 46
* Coverage analysis for criterion METHODNOEXCEPTION
* Coverage of criterion METHODNOEXCEPTION: 100%
* Total number of goals: 46
* Number of covered goals: 46
* Coverage analysis for criterion CBRANCH
* Coverage of criterion CBRANCH: 97%
* Total number of goals: 117
* Number of covered goals: 113
* Generated 102 tests with total length 1650
* Resulting test suite's coverage: 95% (average coverage for all fitness functions)
* Generating assertions
[MASTER] 21:13:12.065 [pool-2-thread-1] WARN  SimpleMutationAssertionGenerator - Reached maximum time to generate assertions, aborting assertion generation
* Resulting test suite's mutation score: 33%
* Compiling and checking tests
[MASTER] 21:13:12.540 [pool-2-thread-1] WARN  TimeController - Phase ASSERTION_GENERATION lasted too long, 9 seconds more than allowed.
* Writing JUnit test case 'Voluntario_ESTest' to /home/pbr/work_ats/analysis/projects/83/.evosuite/tmp_2021_01_25_21_09_50/tests
* Done!

