* Starting client
* Connecting to master process on port 13238
* Analyzing classpath: 
  - /home/pbr/work_ats/analysis/projects/83/target/classes
  - /home/pbr/.m2/repository/junit/junit/4.12/junit-4.12.jar
  - /home/pbr/.m2/repository/org/hamcrest/hamcrest-core/1.3/hamcrest-core-1.3.jar
* Finished analyzing classpath
* Generating tests for class BDVoluntarios
* Test criteria:
  - Line Coverage
  - Branch Coverage
  - Exception
  - Mutation testing (weak)
  - Method-Output Coverage
  - Top-Level Method Coverage
  - No-Exception Top-Level Method Coverage
  - Context Branch Coverage
* Setting up search algorithm for whole suite generation
[MASTER] 21:11:27.633 [pool-2-thread-1] WARN  TestSuiteSerialization - Cannot load tests because file does not exist: /home/pbr/work_ats/analysis/projects/83/.evosuite/evosuite-seeds/BDVoluntarios.seed
* Loaded 0 tests from /home/pbr/work_ats/analysis/projects/83/.evosuite/evosuite-seeds/BDVoluntarios.seed
* Total number of test goals: 
  - Line 101
  - Branch 73
  - Exception 0
  - MutationFactory 102
  - Output 106
  - Method 25
  - MethodNoException 25
  - CBranchFitnessFactory 73
* Using seed 1611609072673
* Starting evolution
* Search finished after 95s and 43 generations, 25300 statements, best individual has fitness: 141.2380952290879
* Writing sequences to pool
* Minimizing test suite
[MASTER] 21:13:18.499 [pool-2-thread-1] WARN  TestSuiteMinimizer - Minimization timeout. Roll back to original test suite
* Going to analyze the coverage criteria
* Coverage analysis for criterion LINE
* Coverage of criterion LINE: 98%
* Total number of goals: 101
* Number of covered goals: 99
* Coverage analysis for criterion BRANCH
* Coverage of criterion BRANCH: 79%
* Total number of goals: 73
* Number of covered goals: 58
* Coverage analysis for criterion EXCEPTION
* Coverage of criterion EXCEPTION: 100%
* Total number of goals: 13
* Number of covered goals: 13
* Coverage analysis for criterion WEAKMUTATION
* Coverage of criterion WEAKMUTATION: 74%
* Total number of goals: 102
* Number of covered goals: 75
* Coverage analysis for criterion OUTPUT
* Coverage of criterion OUTPUT: 50%
* Total number of goals: 106
* Number of covered goals: 53
* Coverage analysis for criterion METHOD
* Coverage of criterion METHOD: 100%
* Total number of goals: 25
* Number of covered goals: 25
* Coverage analysis for criterion METHODNOEXCEPTION
* Coverage of criterion METHODNOEXCEPTION: 96%
* Total number of goals: 25
* Number of covered goals: 24
* Coverage analysis for criterion CBRANCH
* Coverage of criterion CBRANCH: 79%
* Total number of goals: 73
* Number of covered goals: 58
* Generated 55 tests with total length 977
* Resulting test suite's coverage: 84% (average coverage for all fitness functions)
* Generating assertions
[MASTER] 21:13:33.272 [pool-2-thread-1] WARN  SimpleMutationAssertionGenerator - Assertion minimization is taking too long (0.9893571428571428% of time used, but only 4/55 tests minimized), falling back to using all assertions
[MASTER] 21:13:33.474 [pool-2-thread-1] WARN  SimpleMutationAssertionGenerator - Reached maximum time to generate assertions, aborting assertion generation
* Resulting test suite's mutation score: 22%
* Compiling and checking tests
* Writing JUnit test case 'BDVoluntarios_ESTest' to /home/pbr/work_ats/analysis/projects/83/.evosuite/tmp_2021_01_25_21_09_50/tests
* Done!

