* Starting client
* Connecting to master process on port 19919
* Analyzing classpath: 
  - /home/pbr/work_ats/analysis/projects/67/target/classes
  - /home/pbr/.m2/repository/junit/junit/4.12/junit-4.12.jar
  - /home/pbr/.m2/repository/org/hamcrest/hamcrest-core/1.3/hamcrest-core-1.3.jar
* Finished analyzing classpath
* Generating tests for class MVC.SistemaApp
* Test criteria:
  - Line Coverage
  - Branch Coverage
  - Exception
  - Mutation testing (weak)
  - Method-Output Coverage
  - Top-Level Method Coverage
  - No-Exception Top-Level Method Coverage
  - Context Branch Coverage
* Setting up search algorithm for whole suite generation
[MASTER] 21:06:04.351 [pool-2-thread-1] WARN  TestSuiteSerialization - Cannot load tests because file does not exist: /home/pbr/work_ats/analysis/projects/67/.evosuite/evosuite-seeds/MVC.SistemaApp.seed
* Loaded 0 tests from /home/pbr/work_ats/analysis/projects/67/.evosuite/evosuite-seeds/MVC.SistemaApp.seed
* Total number of test goals: 
  - Line 11
  - Branch 3
  - Exception 0
  - MutationFactory 6
  - Output 0
  - Method 2
  - MethodNoException 2
  - CBranchFitnessFactory 3
* Using seed 1611608757015
* Starting evolution
[MASTER] 21:06:04.525 [pool-2-thread-1] WARN  TimeController - Phase INITIALIZATION lasted too long, 0 seconds more than allowed.
* Search finished after 39s and 249 generations, 36328 statements, best individual has fitness: 9.833333333333334
* Writing sequences to pool
* Minimizing test suite
* Going to analyze the coverage criteria
* Coverage analysis for criterion LINE
* Coverage of criterion LINE: 55%
* Total number of goals: 11
* Number of covered goals: 6
* Coverage analysis for criterion BRANCH
* Coverage of criterion BRANCH: 67%
* Total number of goals: 3
* Number of covered goals: 2
* Coverage analysis for criterion EXCEPTION
* Coverage of criterion EXCEPTION: 100%
* Total number of goals: 1
* Number of covered goals: 1
* Coverage analysis for criterion WEAKMUTATION
* Coverage of criterion WEAKMUTATION: 17%
* Total number of goals: 6
* Number of covered goals: 1
* Coverage analysis for criterion OUTPUT
* Coverage of criterion OUTPUT: 100% (no goals)
* Coverage analysis for criterion METHOD
* Coverage of criterion METHOD: 100%
* Total number of goals: 2
* Number of covered goals: 2
* Coverage analysis for criterion METHODNOEXCEPTION
* Coverage of criterion METHODNOEXCEPTION: 50%
* Total number of goals: 2
* Number of covered goals: 1
* Coverage analysis for criterion CBRANCH
* Coverage of criterion CBRANCH: 67%
* Total number of goals: 3
* Number of covered goals: 2
* Generated 2 tests with total length 3
* Resulting test suite's coverage: 69% (average coverage for all fitness functions)
* Generating assertions
* Resulting test suite's mutation score: 0%
* Compiling and checking tests
* Writing JUnit test case 'SistemaApp_ESTest' to /home/pbr/work_ats/analysis/projects/67/.evosuite/tmp_2021_01_25_20_57_43/tests
* Done!

