* Starting client
* Connecting to master process on port 16990
* Analyzing classpath: 
  - /home/pbr/work_ats/analysis/projects/67/target/classes
  - /home/pbr/.m2/repository/junit/junit/4.12/junit-4.12.jar
  - /home/pbr/.m2/repository/org/hamcrest/hamcrest-core/1.3/hamcrest-core-1.3.jar
* Finished analyzing classpath
* Generating tests for class MVC.Models.Parse
* Test criteria:
  - Line Coverage
  - Branch Coverage
  - Exception
  - Mutation testing (weak)
  - Method-Output Coverage
  - Top-Level Method Coverage
  - No-Exception Top-Level Method Coverage
  - Context Branch Coverage
* Setting up search algorithm for whole suite generation
[MASTER] 20:58:05.486 [pool-2-thread-1] WARN  TestSuiteSerialization - Cannot load tests because file does not exist: /home/pbr/work_ats/analysis/projects/67/.evosuite/evosuite-seeds/MVC.Models.Parse.seed
* Loaded 0 tests from /home/pbr/work_ats/analysis/projects/67/.evosuite/evosuite-seeds/MVC.Models.Parse.seed
* Total number of test goals: 
  - Line 75
  - Branch 52
  - Exception 0
  - MutationFactory 265
  - Output 61
  - Method 8
  - MethodNoException 8
  - CBranchFitnessFactory 52
* Using seed 1611608271829
* Starting evolution
* Search finished after 97s and 52 generations, 16781 statements, best individual has fitness: 490.55102040816325
* Writing sequences to pool
* Minimizing test suite
* Going to analyze the coverage criteria
* Coverage analysis for criterion LINE
* Coverage of criterion LINE: 36%
* Total number of goals: 75
* Number of covered goals: 27
* Coverage analysis for criterion BRANCH
* Coverage of criterion BRANCH: 13%
* Total number of goals: 52
* Number of covered goals: 7
* Coverage analysis for criterion EXCEPTION
* Coverage of criterion EXCEPTION: 100%
* Total number of goals: 13
* Number of covered goals: 13
* Coverage analysis for criterion WEAKMUTATION
* Coverage of criterion WEAKMUTATION: 15%
* Total number of goals: 265
* Number of covered goals: 39
* Coverage analysis for criterion OUTPUT
* Coverage of criterion OUTPUT: 3%
* Total number of goals: 61
* Number of covered goals: 2
* Coverage analysis for criterion METHOD
* Coverage of criterion METHOD: 100%
* Total number of goals: 8
* Number of covered goals: 8
* Coverage analysis for criterion METHODNOEXCEPTION
* Coverage of criterion METHODNOEXCEPTION: 38%
* Total number of goals: 8
* Number of covered goals: 3
* Coverage analysis for criterion CBRANCH
* Coverage of criterion CBRANCH: 13%
* Total number of goals: 52
* Number of covered goals: 7
* Generated 15 tests with total length 37
* Resulting test suite's coverage: 40% (average coverage for all fitness functions)
* Generating assertions
* Resulting test suite's mutation score: 1%
* Compiling and checking tests
* Writing JUnit test case 'Parse_ESTest' to /home/pbr/work_ats/analysis/projects/67/.evosuite/tmp_2021_01_25_20_57_43/tests
* Done!

