* Starting client
* Connecting to master process on port 15203
* Analyzing classpath: 
  - /home/pbr/work_ats/analysis/projects/83/target/classes
  - /home/pbr/.m2/repository/junit/junit/4.12/junit-4.12.jar
  - /home/pbr/.m2/repository/org/hamcrest/hamcrest-core/1.3/hamcrest-core-1.3.jar
* Finished analyzing classpath
* Generating tests for class BDTransportes
* Test criteria:
  - Line Coverage
  - Branch Coverage
  - Exception
  - Mutation testing (weak)
  - Method-Output Coverage
  - Top-Level Method Coverage
  - No-Exception Top-Level Method Coverage
  - Context Branch Coverage
* Setting up search algorithm for whole suite generation
[MASTER] 21:10:39.700 [pool-2-thread-1] WARN  TestSuiteSerialization - Cannot load tests because file does not exist: /home/pbr/work_ats/analysis/projects/83/.evosuite/evosuite-seeds/BDTransportes.seed
* Loaded 0 tests from /home/pbr/work_ats/analysis/projects/83/.evosuite/evosuite-seeds/BDTransportes.seed
* Total number of test goals: 
  - Line 106
  - Branch 79
  - Exception 0
  - MutationFactory 155
  - Output 113
  - Method 24
  - MethodNoException 24
  - CBranchFitnessFactory 79
* Using seed 1611609025593
* Starting evolution
* Search finished after 101s and 41 generations, 25204 statements, best individual has fitness: 210.14242423088194
* Writing sequences to pool
* Minimizing test suite
[MASTER] 21:12:38.379 [pool-2-thread-1] WARN  TestSuiteMinimizer - Minimization timeout. Roll back to original test suite
* Going to analyze the coverage criteria
* Coverage analysis for criterion LINE
* Coverage of criterion LINE: 91%
* Total number of goals: 106
* Number of covered goals: 96
* Coverage analysis for criterion BRANCH
* Coverage of criterion BRANCH: 81%
* Total number of goals: 79
* Number of covered goals: 64
* Coverage analysis for criterion EXCEPTION
* Coverage of criterion EXCEPTION: 100%
* Total number of goals: 14
* Number of covered goals: 14
* Coverage analysis for criterion WEAKMUTATION
* Coverage of criterion WEAKMUTATION: 46%
* Total number of goals: 155
* Number of covered goals: 72
* Coverage analysis for criterion OUTPUT
* Coverage of criterion OUTPUT: 24%
* Total number of goals: 113
* Number of covered goals: 27
* Coverage analysis for criterion METHOD
* Coverage of criterion METHOD: 100%
* Total number of goals: 24
* Number of covered goals: 24
* Coverage analysis for criterion METHODNOEXCEPTION
* Coverage of criterion METHODNOEXCEPTION: 96%
* Total number of goals: 24
* Number of covered goals: 23
* Coverage analysis for criterion CBRANCH
* Coverage of criterion CBRANCH: 81%
* Total number of goals: 79
* Number of covered goals: 64
* Generated 52 tests with total length 997
* Resulting test suite's coverage: 77% (average coverage for all fitness functions)
* Generating assertions
[MASTER] 21:12:49.552 [pool-2-thread-1] WARN  SimpleMutationAssertionGenerator - Assertion minimization is taking too long (0.7030666666666666% of time used, but only 7/52 tests minimized), falling back to using all assertions
* Resulting test suite's mutation score: 15%
* Compiling and checking tests
* Writing JUnit test case 'BDTransportes_ESTest' to /home/pbr/work_ats/analysis/projects/83/.evosuite/tmp_2021_01_25_21_09_50/tests
* Done!

