* Starting client
* Connecting to master process on port 14084
* Analyzing classpath: 
  - /home/pbr/work_ats/analysis/projects/83/target/classes
  - /home/pbr/.m2/repository/junit/junit/4.12/junit-4.12.jar
  - /home/pbr/.m2/repository/org/hamcrest/hamcrest-core/1.3/hamcrest-core-1.3.jar
* Finished analyzing classpath
* Generating tests for class BDProdutos
* Test criteria:
  - Line Coverage
  - Branch Coverage
  - Exception
  - Mutation testing (weak)
  - Method-Output Coverage
  - Top-Level Method Coverage
  - No-Exception Top-Level Method Coverage
  - Context Branch Coverage
* Setting up search algorithm for whole suite generation
[MASTER] 21:12:59.509 [pool-2-thread-1] WARN  TestSuiteSerialization - Cannot load tests because file does not exist: /home/pbr/work_ats/analysis/projects/83/.evosuite/evosuite-seeds/BDProdutos.seed
* Loaded 0 tests from /home/pbr/work_ats/analysis/projects/83/.evosuite/evosuite-seeds/BDProdutos.seed
* Total number of test goals: 
  - Line 58
  - Branch 47
  - Exception 0
  - MutationFactory 67
  - Output 35
  - Method 16
  - MethodNoException 16
  - CBranchFitnessFactory 47
* Using seed 1611609170438
* Starting evolution
* Search finished after 72s and 60 generations, 36725 statements, best individual has fitness: 34.12499974481661
* Writing sequences to pool
* Minimizing test suite
[MASTER] 21:14:24.479 [pool-2-thread-1] WARN  TestSuiteMinimizer - Minimization timeout. Roll back to original test suite
* Going to analyze the coverage criteria
* Coverage analysis for criterion LINE
* Coverage of criterion LINE: 100%
* Total number of goals: 58
* Number of covered goals: 58
* Coverage analysis for criterion BRANCH
* Coverage of criterion BRANCH: 96%
* Total number of goals: 47
* Number of covered goals: 45
* Coverage analysis for criterion EXCEPTION
* Coverage of criterion EXCEPTION: 100%
* Total number of goals: 7
* Number of covered goals: 7
* Coverage analysis for criterion WEAKMUTATION
* Coverage of criterion WEAKMUTATION: 82%
* Total number of goals: 67
* Number of covered goals: 55
* Coverage analysis for criterion OUTPUT
* Coverage of criterion OUTPUT: 54%
* Total number of goals: 35
* Number of covered goals: 19
* Coverage analysis for criterion METHOD
* Coverage of criterion METHOD: 100%
* Total number of goals: 16
* Number of covered goals: 16
* Coverage analysis for criterion METHODNOEXCEPTION
* Coverage of criterion METHODNOEXCEPTION: 100%
* Total number of goals: 16
* Number of covered goals: 16
* Coverage analysis for criterion CBRANCH
* Coverage of criterion CBRANCH: 96%
* Total number of goals: 47
* Number of covered goals: 45
* Generated 48 tests with total length 694
* Resulting test suite's coverage: 91% (average coverage for all fitness functions)
* Generating assertions
[MASTER] 21:14:40.724 [pool-2-thread-1] WARN  SimpleMutationAssertionGenerator - Reached maximum time to generate assertions, aborting assertion generation
* Resulting test suite's mutation score: 46%
* Compiling and checking tests
[MASTER] 21:14:40.860 [pool-2-thread-1] WARN  TimeController - Phase ASSERTION_GENERATION lasted too long, 6 seconds more than allowed.
* Writing JUnit test case 'BDProdutos_ESTest' to /home/pbr/work_ats/analysis/projects/83/.evosuite/tmp_2021_01_25_21_09_50/tests
* Done!

