* Starting client
* Connecting to master process on port 9549
* Analyzing classpath: 
  - /home/pbr/work_ats/analysis/projects/67/target/classes
  - /home/pbr/.m2/repository/junit/junit/4.12/junit-4.12.jar
  - /home/pbr/.m2/repository/org/hamcrest/hamcrest-core/1.3/hamcrest-core-1.3.jar
* Finished analyzing classpath
* Generating tests for class MVC.Models.BaseModels.Produto
* Test criteria:
  - Line Coverage
  - Branch Coverage
  - Exception
  - Mutation testing (weak)
  - Method-Output Coverage
  - Top-Level Method Coverage
  - No-Exception Top-Level Method Coverage
  - Context Branch Coverage
* Setting up search algorithm for whole suite generation
[MASTER] 21:02:43.654 [pool-2-thread-1] WARN  TestSuiteSerialization - Cannot load tests because file does not exist: /home/pbr/work_ats/analysis/projects/67/.evosuite/evosuite-seeds/MVC.Models.BaseModels.Produto.seed
* Loaded 0 tests from /home/pbr/work_ats/analysis/projects/67/.evosuite/evosuite-seeds/MVC.Models.BaseModels.Produto.seed
* Total number of test goals: 
  - Line 44
  - Branch 20
  - Exception 0
  - MutationFactory 16
  - Output 22
  - Method 15
  - MethodNoException 15
  - CBranchFitnessFactory 20
* Using seed 1611608552498
* Starting evolution
[MASTER] 21:02:43.999 [pool-2-thread-1] WARN  TimeController - Phase INITIALIZATION lasted too long, 3 seconds more than allowed.
* Search finished after 44s and 133 generations, 57271 statements, best individual has fitness: 3.3333333333333335
* Writing sequences to pool
* Minimizing test suite
* Going to analyze the coverage criteria
* Coverage analysis for criterion LINE
* Coverage of criterion LINE: 100%
* Total number of goals: 44
* Number of covered goals: 44
* Coverage analysis for criterion BRANCH
* Coverage of criterion BRANCH: 100%
* Total number of goals: 20
* Number of covered goals: 20
* Coverage analysis for criterion EXCEPTION
* Coverage of criterion EXCEPTION: 100%
* Total number of goals: 2
* Number of covered goals: 2
* Coverage analysis for criterion WEAKMUTATION
* Coverage of criterion WEAKMUTATION: 100%
* Total number of goals: 16
* Number of covered goals: 16
* Coverage analysis for criterion OUTPUT
* Coverage of criterion OUTPUT: 86%
* Total number of goals: 22
* Number of covered goals: 19
* Coverage analysis for criterion METHOD
* Coverage of criterion METHOD: 100%
* Total number of goals: 15
* Number of covered goals: 15
* Coverage analysis for criterion METHODNOEXCEPTION
* Coverage of criterion METHODNOEXCEPTION: 100%
* Total number of goals: 15
* Number of covered goals: 15
* Coverage analysis for criterion CBRANCH
* Coverage of criterion CBRANCH: 100%
* Total number of goals: 20
* Number of covered goals: 20
* Generated 23 tests with total length 50
* Resulting test suite's coverage: 98% (average coverage for all fitness functions)
* Generating assertions
* Resulting test suite's mutation score: 85%
* Compiling and checking tests
* Writing JUnit test case 'Produto_ESTest' to /home/pbr/work_ats/analysis/projects/67/.evosuite/tmp_2021_01_25_20_57_43/tests
* Done!

